<?xml version="1.0" encoding="UTF-8"?>
<!-- Generated by org.testng.reporters.JUnitXMLReporter -->
<testsuite ignored="0" hostname="home-laptop" failures="0" tests="3" name="Test" time="213.328" errors="0" timestamp="2024-06-14T19:00:37 IST">
  <testcase classname="com.healthcare.tests.LoginTest" name="loginTestWithValidData" time="8.742"/>
  <testcase classname="com.healthcare.tests.LoginTest" name="loginTestWithInValidData" time="3.128"/>
  <testcase classname="com.healthcare.tests.AppointmentTest" name="bookAppointmentTest" time="4.393"/>
</testsuite> <!-- Test -->
