<?xml version="1.0" encoding="UTF-8"?>
<testsuite xmlns:xsi="http://www.w3.org/2001/XMLSchema-instance" xsi:noNamespaceSchemaLocation="https://maven.apache.org/surefire/maven-surefire-plugin/xsd/surefire-test-report-3.0.xsd" version="3.0" name="TestSuite" time="216.029" tests="3" errors="0" skipped="0" failures="0">
  <properties>
[...]
</properties>
  <testcase name="loginTestWithValidData[John Doe, ThisIsNotAPassword, https://katalon-demo-cura.herokuapp.com/#appointment](1)" classname="com.healthcare.tests.LoginTest" time="8.753">
    <system-out><![CDATA[successfully clicked on element - [[ChromeDriver: chrome on windows (c2aab9e1dab42dbb1cdafb4a9559e0d4)] -> id: menu-toggle]
successfully clicked on element - [[ChromeDriver: chrome on windows (c2aab9e1dab42dbb1cdafb4a9559e0d4)] -> xpath: //a[normalize-space()='Login']]
successfully entered value
successfully entered value
successfully clicked on element - Proxy element for: DefaultElementLocator 'By.id: btn-login'
Current URL is: "https://katalon-demo-cura.herokuapp.com/#appointment"
]]></system-out>
    <system-err><![CDATA[SLF4J(W): No SLF4J providers were found.
SLF4J(W): Defaulting to no-operation (NOP) logger implementation
SLF4J(W): See https://www.slf4j.org/codes.html#noProviders for further details.
ERROR StatusLogger Log4j2 could not find a logging implementation. Please add log4j-core to the classpath. Using SimpleLogger to log to the console...
]]></system-err>
  </testcase>
  <testcase name="loginTestWithInValidData[Mike, invalidPassword, Login failed! Please ensure the username and password are valid.](1)" classname="com.healthcare.tests.LoginTest" time="3.14">
    <system-out><![CDATA[successfully clicked on element - [[ChromeDriver: chrome on windows (bd1783768ed38bf46aba0d55889ca68a)] -> id: menu-toggle]
successfully clicked on element - [[ChromeDriver: chrome on windows (bd1783768ed38bf46aba0d55889ca68a)] -> xpath: //a[normalize-space()='Login']]
successfully entered value
successfully entered value
successfully clicked on element - [[ChromeDriver: chrome on windows (bd1783768ed38bf46aba0d55889ca68a)] -> id: btn-login]
Inner text is: "Login failed! Please ensure the username and password are valid."
]]></system-out>
  </testcase>
  <testcase name="bookAppointmentTest[Hongkong CURA Healthcare Center, Medicare, 5/21/24, none, Please be informed that your appointment has been booked as following:](1)" classname="com.healthcare.tests.AppointmentTest" time="4.387">
    <system-out><![CDATA[successfully clicked on element - [[ChromeDriver: chrome on windows (295e80f8365446a1e5cda96ab64b4e5b)] -> id: menu-toggle]
successfully clicked on element - [[ChromeDriver: chrome on windows (295e80f8365446a1e5cda96ab64b4e5b)] -> xpath: //a[normalize-space()='Login']]
successfully entered value
successfully entered value
successfully clicked on element - Proxy element for: DefaultElementLocator 'By.id: btn-login'
Hongkong CURA Healthcare Center - selected from drop down
Medicare - is selected
successfully entered value
successfully entered value
successfully clicked on element - Proxy element for: DefaultElementLocator 'By.id: btn-book-appointment'
Inner text is: "Please be informed that your appointment has been booked as following:"
]]></system-out>
  </testcase>
</testsuite>