<?xml version="1.0" encoding="UTF-8"?>
<testng-results ignored="0" total="3" passed="3" failed="0" skipped="0">
  <reporter-output>
  </reporter-output>
  <suite started-at="2024-06-14T18:57:02 IST" name="Suite" finished-at="2024-06-14T19:00:35 IST" duration-ms="213328">
    <groups>
    </groups>
    <test started-at="2024-06-14T18:57:02 IST" name="Test" finished-at="2024-06-14T19:00:35 IST" duration-ms="213328">
      <class name="com.healthcare.tests.AppointmentTest">
        <test-method is-config="true" signature="beforeMethod(java.lang.String)[pri:0, instance:com.healthcare.tests.AppointmentTest@1b7cc17c]" started-at="2024-06-14T19:00:18 IST" name="beforeMethod" finished-at="2024-06-14T19:00:30 IST" duration-ms="12101" status="PASS">
          <params>
            <param index="0">
              <value>
                <![CDATA[chrome]]>
              </value>
            </param>
          </params>
          <reporter-output>
          </reporter-output>
        </test-method> <!-- beforeMethod -->
        <test-method signature="bookAppointmentTest(java.lang.String,java.lang.String,java.lang.String,java.lang.String,java.lang.String)[pri:0, instance:com.healthcare.tests.AppointmentTest@1b7cc17c]" started-at="2024-06-14T19:00:30 IST" name="bookAppointmentTest" data-provider="appointment_test_data" finished-at="2024-06-14T19:00:34 IST" duration-ms="4393" status="PASS">
          <params>
            <param index="0">
              <value>
                <![CDATA[Hongkong CURA Healthcare Center]]>
              </value>
            </param>
            <param index="1">
              <value>
                <![CDATA[Medicare]]>
              </value>
            </param>
            <param index="2">
              <value>
                <![CDATA[5/21/24]]>
              </value>
            </param>
            <param index="3">
              <value>
                <![CDATA[none]]>
              </value>
            </param>
            <param index="4">
              <value>
                <![CDATA[Please be informed that your appointment has been booked as following:]]>
              </value>
            </param>
          </params>
          <reporter-output>
          </reporter-output>
        </test-method> <!-- bookAppointmentTest -->
        <test-method is-config="true" signature="afterMethod()[pri:0, instance:com.healthcare.tests.AppointmentTest@1b7cc17c]" started-at="2024-06-14T19:00:34 IST" name="afterMethod" finished-at="2024-06-14T19:00:35 IST" duration-ms="979" status="PASS">
          <reporter-output>
          </reporter-output>
        </test-method> <!-- afterMethod -->
      </class> <!-- com.healthcare.tests.AppointmentTest -->
      <class name="com.healthcare.tests.LoginTest">
        <test-method is-config="true" signature="beforeMethod(java.lang.String)[pri:0, instance:com.healthcare.tests.LoginTest@1aa7ecca]" started-at="2024-06-14T18:57:05 IST" name="beforeMethod" finished-at="2024-06-14T18:59:43 IST" duration-ms="158345" status="PASS">
          <params>
            <param index="0">
              <value>
                <![CDATA[chrome]]>
              </value>
            </param>
          </params>
          <reporter-output>
          </reporter-output>
        </test-method> <!-- beforeMethod -->
        <test-method signature="loginTestWithValidData(java.lang.String,java.lang.String,java.lang.String)[pri:0, instance:com.healthcare.tests.LoginTest@1aa7ecca]" started-at="2024-06-14T18:59:43 IST" name="loginTestWithValidData" data-provider="valid_login_test_data" finished-at="2024-06-14T18:59:52 IST" duration-ms="8742" status="PASS">
          <params>
            <param index="0">
              <value>
                <![CDATA[John Doe]]>
              </value>
            </param>
            <param index="1">
              <value>
                <![CDATA[ThisIsNotAPassword]]>
              </value>
            </param>
            <param index="2">
              <value>
                <![CDATA[https://katalon-demo-cura.herokuapp.com/#appointment]]>
              </value>
            </param>
          </params>
          <reporter-output>
          </reporter-output>
        </test-method> <!-- loginTestWithValidData -->
        <test-method is-config="true" signature="afterMethod()[pri:0, instance:com.healthcare.tests.LoginTest@1aa7ecca]" started-at="2024-06-14T18:59:52 IST" name="afterMethod" finished-at="2024-06-14T18:59:55 IST" duration-ms="3027" status="PASS">
          <reporter-output>
          </reporter-output>
        </test-method> <!-- afterMethod -->
        <test-method is-config="true" signature="beforeMethod(java.lang.String)[pri:0, instance:com.healthcare.tests.LoginTest@1aa7ecca]" started-at="2024-06-14T18:59:56 IST" name="beforeMethod" finished-at="2024-06-14T19:00:12 IST" duration-ms="16467" status="PASS">
          <params>
            <param index="0">
              <value>
                <![CDATA[chrome]]>
              </value>
            </param>
          </params>
          <reporter-output>
          </reporter-output>
        </test-method> <!-- beforeMethod -->
        <test-method signature="loginTestWithInValidData(java.lang.String,java.lang.String,java.lang.String)[pri:1, instance:com.healthcare.tests.LoginTest@1aa7ecca]" started-at="2024-06-14T19:00:12 IST" name="loginTestWithInValidData" data-provider="invalid_login_test_data" finished-at="2024-06-14T19:00:15 IST" duration-ms="3128" status="PASS">
          <params>
            <param index="0">
              <value>
                <![CDATA[Mike]]>
              </value>
            </param>
            <param index="1">
              <value>
                <![CDATA[invalidPassword]]>
              </value>
            </param>
            <param index="2">
              <value>
                <![CDATA[Login failed! Please ensure the username and password are valid.]]>
              </value>
            </param>
          </params>
          <reporter-output>
          </reporter-output>
        </test-method> <!-- loginTestWithInValidData -->
        <test-method is-config="true" signature="afterMethod()[pri:0, instance:com.healthcare.tests.LoginTest@1aa7ecca]" started-at="2024-06-14T19:00:15 IST" name="afterMethod" finished-at="2024-06-14T19:00:17 IST" duration-ms="1435" status="PASS">
          <reporter-output>
          </reporter-output>
        </test-method> <!-- afterMethod -->
      </class> <!-- com.healthcare.tests.LoginTest -->
    </test> <!-- Test -->
  </suite> <!-- Suite -->
</testng-results>
